# JRE version: OpenJDK Runtime Environment Temurin-21.0.10+7 (21.0.10+7) (build 21.0.10+7-LTS)
# Java VM: OpenJDK 64-Bit Server VM Temurin-21.0.10+7 (21.0.10+7-LTS, mixed mode, sharing, tiered, compressed oops, compressed class ptrs, parallel gc, windows-amd64)
GC Precious Log:
 CardTable entry size: 512
 CPUs: 8 total, 8 available
 Memory: 14222M
 Large Page Support: Disabled
 NUMA Support: Disabled
 Compressed Oops: Enabled (32-bit)
 Alignments: Space 512K, Generation 512K, Heap 2M
 Heap Min Capacity: 100M
 Heap Initial Capacity: 100M
 Heap Max Capacity: 2G
 Pre-touch: Disabled
 Parallel Workers: 8
Heap:
 PSYoungGen      total 2560K, used 1367K [0x00000000d5580000, 0x00000000d5a80000, 0x0000000100000000)
  eden space 2048K, 41% used [0x00000000d5580000,0x00000000d5655e70,0x00000000d5780000)
  from space 512K, 100% used [0x00000000d5980000,0x00000000d5a00000,0x00000000d5a00000)
  to   space 512K, 0% used [0x00000000d5a00000,0x00000000d5a00000,0x00000000d5a80000)
 ParOldGen       total 445440K, used 445026K [0x0000000080000000, 0x000000009b300000, 0x00000000d5580000)
  object space 445440K, 99% used [0x0000000080000000,0x000000009b298b20,0x000000009b300000)
 Metaspace       used 78891K, committed 80512K, reserved 1179648K
  class space    used 8309K, committed 9024K, reserved 1048576K
GC Heap History (20 events):
Event: 539.997 GC heap before
{Heap before GC invocations=689 (full 4):
 PSYoungGen      total 4096K, used 3640K [0x00000000d5580000, 0x00000000d5b80000, 0x0000000100000000)
  eden space 2048K, 100% used [0x00000000d5580000,0x00000000d5780000,0x00000000d5780000)
  from space 2048K, 77% used [0x00000000d5880000,0x00000000d5a0e000,0x00000000d5a80000)
  to   space 1024K, 0% used [0x00000000d5a80000,0x00000000d5a80000,0x00000000d5b80000)
 ParOldGen       total 442368K, used 441994K [0x0000000080000000, 0x000000009b000000, 0x00000000d5580000)
  object space 442368K, 99% used [0x0000000080000000,0x000000009afa2af8,0x000000009b000000)
 Metaspace       used 78554K, committed 80192K, reserved 1179648K
  class space    used 8306K, committed 9024K, reserved 1048576K
}
Event: 540.002 GC heap after
{Heap after GC invocations=689 (full 4):
 PSYoungGen      total 3072K, used 880K [0x00000000d5580000, 0x00000000d5b80000, 0x0000000100000000)
  eden space 2048K, 0% used [0x00000000d5580000,0x00000000d5580000,0x00000000d5780000)
  from space 1024K, 85% used [0x00000000d5a80000,0x00000000d5b5c000,0x00000000d5b80000)
  to   space 1536K, 0% used [0x00000000d5880000,0x00000000d5880000,0x00000000d5a00000)
 ParOldGen       total 443392K, used 443202K [0x0000000080000000, 0x000000009b100000, 0x00000000d5580000)
  object space 443392K, 99% used [0x0000000080000000,0x000000009b0d0af8,0x000000009b100000)
 Metaspace       used 78554K, committed 80192K, reserved 1179648K
  class space    used 8306K, committed 9024K, reserved 1048576K
}
Event: 540.173 GC heap before
{Heap before GC invocations=690 (full 4):
 PSYoungGen      total 3072K, used 2927K [0x00000000d5580000, 0x00000000d5b80000, 0x0000000100000000)
  eden space 2048K, 99% used [0x00000000d5580000,0x00000000d577fff8,0x00000000d5780000)
  from space 1024K, 85% used [0x00000000d5a80000,0x00000000d5b5c000,0x00000000d5b80000)
  to   space 1536K, 0% used [0x00000000d5880000,0x00000000d5880000,0x00000000d5a00000)
 ParOldGen       total 443392K, used 443202K [0x0000000080000000, 0x000000009b100000, 0x00000000d5580000)
  object space 443392K, 99% used [0x0000000080000000,0x000000009b0d0af8,0x000000009b100000)
 Metaspace       used 78557K, committed 80192K, reserved 1179648K
  class space    used 8306K, committed 9024K, reserved 1048576K
}
Event: 540.179 GC heap after
{Heap after GC invocations=690 (full 4):
 PSYoungGen      total 3584K, used 576K [0x00000000d5580000, 0x00000000d5b00000, 0x0000000100000000)
  eden space 2048K, 0% used [0x00000000d5580000,0x00000000d5580000,0x00000000d5780000)
  from space 1536K, 37% used [0x00000000d5880000,0x00000000d5910000,0x00000000d5a00000)
  to   space 1024K, 0% used [0x00000000d5a00000,0x00000000d5a00000,0x00000000d5b00000)
 ParOldGen       total 444416K, used 443986K [0x0000000080000000, 0x000000009b200000, 0x00000000d5580000)
  object space 444416K, 99% used [0x0000000080000000,0x000000009b194af8,0x000000009b200000)
 Metaspace       used 78557K, committed 80192K, reserved 1179648K
  class space    used 8306K, committed 9024K, reserved 1048576K
}
Event: 540.471 GC heap before
{Heap before GC invocations=691 (full 4):
 PSYoungGen      total 3584K, used 2624K [0x00000000d5580000, 0x00000000d5b00000, 0x0000000100000000)
  eden space 2048K, 100% used [0x00000000d5580000,0x00000000d5780000,0x00000000d5780000)
  from space 1536K, 37% used [0x00000000d5880000,0x00000000d5910000,0x00000000d5a00000)
  to   space 1024K, 0% used [0x00000000d5a00000,0x00000000d5a00000,0x00000000d5b00000)
 ParOldGen       total 444416K, used 443986K [0x0000000080000000, 0x000000009b200000, 0x00000000d5580000)
  object space 444416K, 99% used [0x0000000080000000,0x000000009b194af8,0x000000009b200000)
 Metaspace       used 78717K, committed 80320K, reserved 1179648K
  class space    used 8306K, committed 9024K, reserved 1048576K
}
Event: 540.474 GC heap after
{Heap after GC invocations=691 (full 4):
 PSYoungGen      total 3072K, used 576K [0x00000000d5580000, 0x00000000d5b00000, 0x0000000100000000)
  eden space 2048K, 0% used [0x00000000d5580000,0x00000000d5580000,0x00000000d5780000)
  from space 1024K, 56% used [0x00000000d5a00000,0x00000000d5a90000,0x00000000d5b00000)
  to   space 1024K, 0% used [0x00000000d5900000,0x00000000d5900000,0x00000000d5a00000)
 ParOldGen       total 444416K, used 444335K [0x0000000080000000, 0x000000009b200000, 0x00000000d5580000)
  object space 444416K, 99% used [0x0000000080000000,0x000000009b1ebf88,0x000000009b200000)
 Metaspace       used 78717K, committed 80320K, reserved 1179648K
  class space    used 8306K, committed 9024K, reserved 1048576K
}
Event: 540.555 GC heap before
{Heap before GC invocations=692 (full 4):
 PSYoungGen      total 3072K, used 2624K [0x00000000d5580000, 0x00000000d5b00000, 0x0000000100000000)
  eden space 2048K, 100% used [0x00000000d5580000,0x00000000d5780000,0x00000000d5780000)
  from space 1024K, 56% used [0x00000000d5a00000,0x00000000d5a90000,0x00000000d5b00000)
  to   space 1024K, 0% used [0x00000000d5900000,0x00000000d5900000,0x00000000d5a00000)
 ParOldGen       total 444416K, used 444335K [0x0000000080000000, 0x000000009b200000, 0x00000000d5580000)
  object space 444416K, 99% used [0x0000000080000000,0x000000009b1ebf88,0x000000009b200000)
 Metaspace       used 78729K, committed 80384K, reserved 1179648K
  class space    used 8306K, committed 9024K, reserved 1048576K
}
Event: 540.558 GC heap after
{Heap after GC invocations=692 (full 4):
 PSYoungGen      total 3072K, used 304K [0x00000000d5580000, 0x00000000d5a80000, 0x0000000100000000)
  eden space 2048K, 0% used [0x00000000d5580000,0x00000000d5580000,0x00000000d5780000)
  from space 1024K, 29% used [0x00000000d5900000,0x00000000d594c010,0x00000000d5a00000)
  to   space 512K, 0% used [0x00000000d5a00000,0x00000000d5a00000,0x00000000d5a80000)
 ParOldGen       total 444928K, used 444679K [0x0000000080000000, 0x000000009b280000, 0x00000000d5580000)
  object space 444928K, 99% used [0x0000000080000000,0x000000009b241f88,0x000000009b280000)
 Metaspace       used 78729K, committed 80384K, reserved 1179648K
  class space    used 8306K, committed 9024K, reserved 1048576K
}
Event: 540.904 GC heap before
{Heap before GC invocations=693 (full 4):
 PSYoungGen      total 3072K, used 2352K [0x00000000d5580000, 0x00000000d5a80000, 0x0000000100000000)
  eden space 2048K, 100% used [0x00000000d5580000,0x00000000d5780000,0x00000000d5780000)
  from space 1024K, 29% used [0x00000000d5900000,0x00000000d594c010,0x00000000d5a00000)
  to   space 512K, 0% used [0x00000000d5a00000,0x00000000d5a00000,0x00000000d5a80000)
 ParOldGen       total 444928K, used 444679K [0x0000000080000000, 0x000000009b280000, 0x00000000d5580000)
  object space 444928K, 99% used [0x0000000080000000,0x000000009b241f88,0x000000009b280000)
 Metaspace       used 78755K, committed 80384K, reserved 1179648K
  class space    used 8308K, committed 9024K, reserved 1048576K
}
Event: 540.907 GC heap after
{Heap after GC invocations=693 (full 4):
 PSYoungGen      total 2560K, used 352K [0x00000000d5580000, 0x00000000d5a80000, 0x0000000100000000)
  eden space 2048K, 0% used [0x00000000d5580000,0x00000000d5580000,0x00000000d5780000)
  from space 512K, 68% used [0x00000000d5a00000,0x00000000d5a58020,0x00000000d5a80000)
  to   space 512K, 0% used [0x00000000d5980000,0x00000000d5980000,0x00000000d5a00000)
 ParOldGen       total 444928K, used 444687K [0x0000000080000000, 0x000000009b280000, 0x00000000d5580000)
  object space 444928K, 99% used [0x0000000080000000,0x000000009b243f88,0x000000009b280000)
 Metaspace       used 78755K, committed 80384K, reserved 1179648K
  class space    used 8308K, committed 9024K, reserved 1048576K
}
Event: 540.984 GC heap before
{Heap before GC invocations=694 (full 4):
 PSYoungGen      total 2560K, used 2400K [0x00000000d5580000, 0x00000000d5a80000, 0x0000000100000000)
  eden space 2048K, 100% used [0x00000000d5580000,0x00000000d5780000,0x00000000d5780000)
  from space 512K, 68% used [0x00000000d5a00000,0x00000000d5a58020,0x00000000d5a80000)
  to   space 512K, 0% used [0x00000000d5980000,0x00000000d5980000,0x00000000d5a00000)
 ParOldGen       total 444928K, used 444687K [0x0000000080000000, 0x000000009b280000, 0x00000000d5580000)
  object space 444928K, 99% used [0x0000000080000000,0x000000009b243f88,0x000000009b280000)
 Metaspace       used 78791K, committed 80448K, reserved 1179648K
  class space    used 8308K, committed 9024K, reserved 1048576K
}
Event: 540.987 GC heap after
{Heap after GC invocations=694 (full 4):
 PSYoungGen      total 2560K, used 192K [0x00000000d5580000, 0x00000000d5a80000, 0x0000000100000000)
  eden space 2048K, 0% used [0x00000000d5580000,0x00000000d5580000,0x00000000d5780000)
  from space 512K, 37% used [0x00000000d5980000,0x00000000d59b0000,0x00000000d5a00000)
  to   space 512K, 0% used [0x00000000d5a00000,0x00000000d5a00000,0x00000000d5a80000)
 ParOldGen       total 444928K, used 444807K [0x0000000080000000, 0x000000009b280000, 0x00000000d5580000)
  object space 444928K, 99% used [0x0000000080000000,0x000000009b261fa8,0x000000009b280000)
 Metaspace       used 78791K, committed 80448K, reserved 1179648K
  class space    used 8308K, committed 9024K, reserved 1048576K
}
Event: 542.698 GC heap before
{Heap before GC invocations=695 (full 4):
 PSYoungGen      total 2560K, used 2240K [0x00000000d5580000, 0x00000000d5a80000, 0x0000000100000000)
  eden space 2048K, 100% used [0x00000000d5580000,0x00000000d5780000,0x00000000d5780000)
  from space 512K, 37% used [0x00000000d5980000,0x00000000d59b0000,0x00000000d5a00000)
  to   space 512K, 0% used [0x00000000d5a00000,0x00000000d5a00000,0x00000000d5a80000)
 ParOldGen       total 444928K, used 444807K [0x0000000080000000, 0x000000009b280000, 0x00000000d5580000)
  object space 444928K, 99% used [0x0000000080000000,0x000000009b261fa8,0x000000009b280000)
 Metaspace       used 78809K, committed 80448K, reserved 1179648K
  class space    used 8309K, committed 9024K, reserved 1048576K
}
Event: 542.701 GC heap after
{Heap after GC invocations=695 (full 4):
 PSYoungGen      total 2560K, used 256K [0x00000000d5580000, 0x00000000d5a80000, 0x0000000100000000)
  eden space 2048K, 0% used [0x00000000d5580000,0x00000000d5580000,0x00000000d5780000)
  from space 512K, 50% used [0x00000000d5a00000,0x00000000d5a40000,0x00000000d5a80000)
  to   space 512K, 0% used [0x00000000d5980000,0x00000000d5980000,0x00000000d5a00000)
 ParOldGen       total 444928K, used 444847K [0x0000000080000000, 0x000000009b280000, 0x00000000d5580000)
  object space 444928K, 99% used [0x0000000080000000,0x000000009b26bfa8,0x000000009b280000)
 Metaspace       used 78809K, committed 80448K, reserved 1179648K
  class space    used 8309K, committed 9024K, reserved 1048576K
}
Event: 547.623 GC heap before
{Heap before GC invocations=696 (full 4):
 PSYoungGen      total 2560K, used 2304K [0x00000000d5580000, 0x00000000d5a80000, 0x0000000100000000)
  eden space 2048K, 100% used [0x00000000d5580000,0x00000000d5780000,0x00000000d5780000)
  from space 512K, 50% used [0x00000000d5a00000,0x00000000d5a40000,0x00000000d5a80000)
  to   space 512K, 0% used [0x00000000d5980000,0x00000000d5980000,0x00000000d5a00000)
 ParOldGen       total 444928K, used 444847K [0x0000000080000000, 0x000000009b280000, 0x00000000d5580000)
  object space 444928K, 99% used [0x0000000080000000,0x000000009b26bfa8,0x000000009b280000)
 Metaspace       used 78838K, committed 80448K, reserved 1179648K
  class space    used 8309K, committed 9024K, reserved 1048576K
}
Event: 547.626 GC heap after
{Heap after GC invocations=696 (full 4):
 PSYoungGen      total 2560K, used 192K [0x00000000d5580000, 0x00000000d5a80000, 0x0000000100000000)
  eden space 2048K, 0% used [0x00000000d5580000,0x00000000d5580000,0x00000000d5780000)
  from space 512K, 37% used [0x00000000d5980000,0x00000000d59b0000,0x00000000d5a00000)
  to   space 512K, 0% used [0x00000000d5a00000,0x00000000d5a00000,0x00000000d5a80000)
 ParOldGen       total 444928K, used 444887K [0x0000000080000000, 0x000000009b280000, 0x00000000d5580000)
  object space 444928K, 99% used [0x0000000080000000,0x000000009b275fa8,0x000000009b280000)
 Metaspace       used 78838K, committed 80448K, reserved 1179648K
  class space    used 8309K, committed 9024K, reserved 1048576K
}
Event: 551.930 GC heap before
{Heap before GC invocations=697 (full 4):
 PSYoungGen      total 2560K, used 2240K [0x00000000d5580000, 0x00000000d5a80000, 0x0000000100000000)
  eden space 2048K, 100% used [0x00000000d5580000,0x00000000d5780000,0x00000000d5780000)
  from space 512K, 37% used [0x00000000d5980000,0x00000000d59b0000,0x00000000d5a00000)
  to   space 512K, 0% used [0x00000000d5a00000,0x00000000d5a00000,0x00000000d5a80000)
 ParOldGen       total 444928K, used 444887K [0x0000000080000000, 0x000000009b280000, 0x00000000d5580000)
  object space 444928K, 99% used [0x0000000080000000,0x000000009b275fa8,0x000000009b280000)
 Metaspace       used 78855K, committed 80512K, reserved 1179648K
  class space    used 8309K, committed 9024K, reserved 1048576K
}
Event: 551.934 GC heap after
{Heap after GC invocations=697 (full 4):
 PSYoungGen      total 2560K, used 224K [0x00000000d5580000, 0x00000000d5a80000, 0x0000000100000000)
  eden space 2048K, 0% used [0x00000000d5580000,0x00000000d5580000,0x00000000d5780000)
  from space 512K, 43% used [0x00000000d5a00000,0x00000000d5a38000,0x00000000d5a80000)
  to   space 512K, 0% used [0x00000000d5980000,0x00000000d5980000,0x00000000d5a00000)
 ParOldGen       total 444928K, used 444908K [0x0000000080000000, 0x000000009b280000, 0x00000000d5580000)
  object space 444928K, 99% used [0x0000000080000000,0x000000009b27b0d0,0x000000009b280000)
 Metaspace       used 78855K, committed 80512K, reserved 1179648K
  class space    used 8309K, committed 9024K, reserved 1048576K
}
Event: 552.123 GC heap before
{Heap before GC invocations=698 (full 4):
 PSYoungGen      total 2560K, used 2272K [0x00000000d5580000, 0x00000000d5a80000, 0x0000000100000000)
  eden space 2048K, 100% used [0x00000000d5580000,0x00000000d5780000,0x00000000d5780000)
  from space 512K, 43% used [0x00000000d5a00000,0x00000000d5a38000,0x00000000d5a80000)
  to   space 512K, 0% used [0x00000000d5980000,0x00000000d5980000,0x00000000d5a00000)
 ParOldGen       total 444928K, used 444908K [0x0000000080000000, 0x000000009b280000, 0x00000000d5580000)
  object space 444928K, 99% used [0x0000000080000000,0x000000009b27b0d0,0x000000009b280000)
 Metaspace       used 78879K, committed 80512K, reserved 1179648K
  class space    used 8309K, committed 9024K, reserved 1048576K
}
Event: 552.126 GC heap after
{Heap after GC invocations=698 (full 4):
 PSYoungGen      total 2560K, used 512K [0x00000000d5580000, 0x00000000d5a80000, 0x0000000100000000)
  eden space 2048K, 0% used [0x00000000d5580000,0x00000000d5580000,0x00000000d5780000)
  from space 512K, 100% used [0x00000000d5980000,0x00000000d5a00000,0x00000000d5a00000)
  to   space 512K, 0% used [0x00000000d5a00000,0x00000000d5a00000,0x00000000d5a80000)
 ParOldGen       total 445440K, used 445026K [0x0000000080000000, 0x000000009b300000, 0x00000000d5580000)
  object space 445440K, 99% used [0x0000000080000000,0x000000009b298b20,0x000000009b300000)
 Metaspace       used 78879K, committed 80512K, reserved 1179648K
  class space    used 8309K, committed 9024K, reserved 1048576K
}

